[2024-02-25 14:05:15] local.ERROR: Malformed @foreach statement. {"userId":88,"exception":"[object] (Illuminate\\Contracts\\View\\ViewCompilationException(code: 0): Malformed @foreach statement. at C:\\xampp\\htdocs\\success\\vendor\\laravel\\framework\\src\\Illuminate\\View\\Compilers\\Concerns\\CompilesLoops.php:106)
[stacktrace]
#0 C:\\xampp\\htdocs\\success\\vendor\\laravel\\framework\\src\\Illuminate\\View\\Compilers\\BladeCompiler.php(639): Illuminate\\View\\Compilers\\BladeCompiler->compileForeach('( as $user)')
#1 C:\\xampp\\htdocs\\success\\vendor\\laravel\\framework\\src\\Illuminate\\View\\Compilers\\BladeCompiler.php(560): Illuminate\\View\\Compilers\\BladeCompiler->compileStatement(Array)
#2 C:\\xampp\\htdocs\\success\\vendor\\laravel\\framework\\src\\Illuminate\\View\\Compilers\\BladeCompiler.php(493): Illuminate\\View\\Compilers\\BladeCompiler->compileStatements('               ...')
#3 C:\\xampp\\htdocs\\success\\vendor\\laravel\\framework\\src\\Illuminate\\View\\Compilers\\BladeCompiler.php(282): Illuminate\\View\\Compilers\\BladeCompiler->parseToken(Array)
#4 C:\\xampp\\htdocs\\success\\vendor\\laravel\\framework\\src\\Illuminate\\View\\Compilers\\BladeCompiler.php(184): Illuminate\\View\\Compilers\\BladeCompiler->compileString('@extends('layou...')
#5 C:\\xampp\\htdocs\\success\\vendor\\laravel\\framework\\src\\Illuminate\\View\\Engines\\CompilerEngine.php(64): Illuminate\\View\\Compilers\\BladeCompiler->compile('C:\\\\xampp\\\\htdocs...')
#6 C:\\xampp\\htdocs\\success\\vendor\\laravel\\framework\\src\\Illuminate\\View\\View.php(207): Illuminate\\View\\Engines\\CompilerEngine->get('C:\\\\xampp\\\\htdocs...', Array)
#7 C:\\xampp\\htdocs\\success\\vendor\\laravel\\framework\\src\\Illuminate\\View\\View.php(190): Illuminate\\View\\View->getContents()
#8 C:\\xampp\\htdocs\\success\\vendor\\laravel\\framework\\src\\Illuminate\\View\\View.php(159): Illuminate\\View\\View->renderContents()
#9 C:\\xampp\\htdocs\\success\\vendor\\laravel\\framework\\src\\Illuminate\\Http\\Response.php(69): Illuminate\\View\\View->render()
#10 C:\\xampp\\htdocs\\success\\vendor\\laravel\\framework\\src\\Illuminate\\Http\\Response.php(35): Illuminate\\Http\\Response->setContent(Object(Illuminate\\View\\View))
#11 C:\\xampp\\htdocs\\success\\vendor\\laravel\\framework\\src\\Illuminate\\Routing\\Router.php(918): Illuminate\\Http\\Response->__construct(Object(Illuminate\\View\\View), 200, Array)
#12 C:\\xampp\\htdocs\\success\\vendor\\laravel\\framework\\src\\Illuminate\\Routing\\Router.php(885): Illuminate\\Routing\\Router::toResponse(Object(Illuminate\\Http\\Request), Object(Illuminate\\View\\View))
#13 C:\\xampp\\htdocs\\success\\vendor\\laravel\\framework\\src\\Illuminate\\Routing\\Router.php(805): Illuminate\\Routing\\Router->prepareResponse(Object(Illuminate\\Http\\Request), Object(Illuminate\\View\\View))
#14 C:\\xampp\\htdocs\\success\\vendor\\laravel\\framework\\src\\Illuminate\\Pipeline\\Pipeline.php(144): Illuminate\\Routing\\Router->Illuminate\\Routing\\{closure}(Object(Illuminate\\Http\\Request))
#15 C:\\xampp\\htdocs\\success\\app\\Http\\Controllers\\CandidateController.php(54): Illuminate\\Pipeline\\Pipeline->Illuminate\\Pipeline\\{closure}(Object(Illuminate\\Http\\Request))
#16 C:\\xampp\\htdocs\\success\\vendor\\laravel\\framework\\src\\Illuminate\\Pipeline\\Pipeline.php(165): App\\Http\\Controllers\\CandidateController->App\\Http\\Controllers\\{closure}(Object(Illuminate\\Http\\Request), Object(Closure))
#17 C:\\xampp\\htdocs\\success\\vendor\\php-flasher\\flasher-laravel\\Middleware\\FlasherMiddleware.php(34): Illuminate\\Pipeline\\Pipeline->Illuminate\\Pipeline\\{closure}(Object(Illuminate\\Http\\Request))
#18 C:\\xampp\\htdocs\\success\\vendor\\laravel\\framework\\src\\Illuminate\\Pipeline\\Pipeline.php(183): Flasher\\Laravel\\Middleware\\FlasherMiddleware->handle(Object(Illuminate\\Http\\Request), Object(Closure))
#19 C:\\xampp\\htdocs\\success\\vendor\\php-flasher\\flasher-laravel\\Middleware\\SessionMiddleware.php(34): Illuminate\\Pipeline\\Pipeline->Illuminate\\Pipeline\\{closure}(Object(Illuminate\\Http\\Request))
#20 C:\\xampp\\htdocs\\success\\vendor\\laravel\\framework\\src\\Illuminate\\Pipeline\\Pipeline.php(183): Flasher\\Laravel\\Middleware\\SessionMiddleware->handle(Object(Illuminate\\Http\\Request), Object(Closure))
#21 C:\\xampp\\htdocs\\success\\vendor\\laravel\\framework\\src\\Illuminate\\Routing\\Middleware\\SubstituteBindings.php(50): Illuminate\\Pipeline\\Pipeline->Illuminate\\Pipeline\\{closure}(Object(Illuminate\\Http\\Request))
#22 C:\\xampp\\htdocs\\success\\vendor\\laravel\\framework\\src\\Illuminate\\Pipeline\\Pipeline.php(183): Illuminate\\Routing\\Middleware\\SubstituteBindings->handle(Object(Illuminate\\Http\\Request), Object(Closure))
#23 C:\\xampp\\htdocs\\success\\vendor\\laravel\\framework\\src\\Illuminate\\Foundation\\Http\\Middleware\\VerifyCsrfToken.php(78): Illuminate\\Pipeline\\Pipeline->Illuminate\\Pipeline\\{closure}(Object(Illuminate\\Http\\Request))
#24 C:\\xampp\\htdocs\\success\\vendor\\laravel\\framework\\src\\Illuminate\\Pipeline\\Pipeline.php(183): Illuminate\\Foundation\\Http\\Middleware\\VerifyCsrfToken->handle(Object(Illuminate\\Http\\Request), Object(Closure))
#25 C:\\xampp\\htdocs\\success\\vendor\\laravel\\framework\\src\\Illuminate\\View\\Middleware\\ShareErrorsFromSession.php(49): Illuminate\\Pipeline\\Pipeline->Illuminate\\Pipeline\\{closure}(Object(Illuminate\\Http\\Request))
#26 C:\\xampp\\htdocs\\success\\vendor\\laravel\\framework\\src\\Illuminate\\Pipeline\\Pipeline.php(183): Illuminate\\View\\Middleware\\ShareErrorsFromSession->handle(Object(Illuminate\\Http\\Request), Object(Closure))
#27 C:\\xampp\\htdocs\\success\\vendor\\laravel\\framework\\src\\Illuminate\\Session\\Middleware\\StartSession.php(121): Illuminate\\Pipeline\\Pipeline->Illuminate\\Pipeline\\{closure}(Object(Illuminate\\Http\\Request))
#28 C:\\xampp\\htdocs\\success\\vendor\\laravel\\framework\\src\\Illuminate\\Session\\Middleware\\StartSession.php(64): Illuminate\\Session\\Middleware\\StartSession->handleStatefulRequest(Object(Illuminate\\Http\\Request), Object(Illuminate\\Session\\Store), Object(Closure))
#29 C:\\xampp\\htdocs\\success\\vendor\\laravel\\framework\\src\\Illuminate\\Pipeline\\Pipeline.php(183): Illuminate\\Session\\Middleware\\StartSession->handle(Object(Illuminate\\Http\\Request), Object(Closure))
#30 C:\\xampp\\htdocs\\success\\vendor\\laravel\\framework\\src\\Illuminate\\Cookie\\Middleware\\AddQueuedCookiesToResponse.php(37): Illuminate\\Pipeline\\Pipeline->Illuminate\\Pipeline\\{closure}(Object(Illuminate\\Http\\Request))
#31 C:\\xampp\\htdocs\\success\\vendor\\laravel\\framework\\src\\Illuminate\\Pipeline\\Pipeline.php(183): Illuminate\\Cookie\\Middleware\\AddQueuedCookiesToResponse->handle(Object(Illuminate\\Http\\Request), Object(Closure))
#32 C:\\xampp\\htdocs\\success\\vendor\\laravel\\framework\\src\\Illuminate\\Cookie\\Middleware\\EncryptCookies.php(67): Illuminate\\Pipeline\\Pipeline->Illuminate\\Pipeline\\{closure}(Object(Illuminate\\Http\\Request))
#33 C:\\xampp\\htdocs\\success\\vendor\\laravel\\framework\\src\\Illuminate\\Pipeline\\Pipeline.php(183): Illuminate\\Cookie\\Middleware\\EncryptCookies->handle(Object(Illuminate\\Http\\Request), Object(Closure))
#34 C:\\xampp\\htdocs\\success\\vendor\\laravel\\framework\\src\\Illuminate\\Pipeline\\Pipeline.php(119): Illuminate\\Pipeline\\Pipeline->Illuminate\\Pipeline\\{closure}(Object(Illuminate\\Http\\Request))
#35 C:\\xampp\\htdocs\\success\\vendor\\laravel\\framework\\src\\Illuminate\\Routing\\Router.php(805): Illuminate\\Pipeline\\Pipeline->then(Object(Closure))
#36 C:\\xampp\\htdocs\\success\\vendor\\laravel\\framework\\src\\Illuminate\\Routing\\Router.php(784): Illuminate\\Routing\\Router->runRouteWithinStack(Object(Illuminate\\Routing\\Route), Object(Illuminate\\Http\\Request))
#37 C:\\xampp\\htdocs\\success\\vendor\\laravel\\framework\\src\\Illuminate\\Routing\\Router.php(748): Illuminate\\Routing\\Router->runRoute(Object(Illuminate\\Http\\Request), Object(Illuminate\\Routing\\Route))
#38 C:\\xampp\\htdocs\\success\\vendor\\laravel\\framework\\src\\Illuminate\\Routing\\Router.php(737): Illuminate\\Routing\\Router->dispatchToRoute(Object(Illuminate\\Http\\Request))
#39 C:\\xampp\\htdocs\\success\\vendor\\laravel\\framework\\src\\Illuminate\\Foundation\\Http\\Kernel.php(200): Illuminate\\Routing\\Router->dispatch(Object(Illuminate\\Http\\Request))
#40 C:\\xampp\\htdocs\\success\\vendor\\laravel\\framework\\src\\Illuminate\\Pipeline\\Pipeline.php(144): Illuminate\\Foundation\\Http\\Kernel->Illuminate\\Foundation\\Http\\{closure}(Object(Illuminate\\Http\\Request))
#41 C:\\xampp\\htdocs\\success\\vendor\\laravel\\framework\\src\\Illuminate\\Foundation\\Http\\Middleware\\TransformsRequest.php(21): Illuminate\\Pipeline\\Pipeline->Illuminate\\Pipeline\\{closure}(Object(Illuminate\\Http\\Request))
#42 C:\\xampp\\htdocs\\success\\vendor\\laravel\\framework\\src\\Illuminate\\Foundation\\Http\\Middleware\\ConvertEmptyStringsToNull.php(31): Illuminate\\Foundation\\Http\\Middleware\\TransformsRequest->handle(Object(Illuminate\\Http\\Request), Object(Closure))
#43 C:\\xampp\\htdocs\\success\\vendor\\laravel\\framework\\src\\Illuminate\\Pipeline\\Pipeline.php(183): Illuminate\\Foundation\\Http\\Middleware\\ConvertEmptyStringsToNull->handle(Object(Illuminate\\Http\\Request), Object(Closure))
#44 C:\\xampp\\htdocs\\success\\vendor\\laravel\\framework\\src\\Illuminate\\Foundation\\Http\\Middleware\\TransformsRequest.php(21): Illuminate\\Pipeline\\Pipeline->Illuminate\\Pipeline\\{closure}(Object(Illuminate\\Http\\Request))
#45 C:\\xampp\\htdocs\\success\\vendor\\laravel\\framework\\src\\Illuminate\\Foundation\\Http\\Middleware\\TrimStrings.php(40): Illuminate\\Foundation\\Http\\Middleware\\TransformsRequest->handle(Object(Illuminate\\Http\\Request), Object(Closure))
#46 C:\\xampp\\htdocs\\success\\vendor\\laravel\\framework\\src\\Illuminate\\Pipeline\\Pipeline.php(183): Illuminate\\Foundation\\Http\\Middleware\\TrimStrings->handle(Object(Illuminate\\Http\\Request), Object(Closure))
#47 C:\\xampp\\htdocs\\success\\vendor\\laravel\\framework\\src\\Illuminate\\Foundation\\Http\\Middleware\\ValidatePostSize.php(27): Illuminate\\Pipeline\\Pipeline->Illuminate\\Pipeline\\{closure}(Object(Illuminate\\Http\\Request))
#48 C:\\xampp\\htdocs\\success\\vendor\\laravel\\framework\\src\\Illuminate\\Pipeline\\Pipeline.php(183): Illuminate\\Foundation\\Http\\Middleware\\ValidatePostSize->handle(Object(Illuminate\\Http\\Request), Object(Closure))
#49 C:\\xampp\\htdocs\\success\\vendor\\laravel\\framework\\src\\Illuminate\\Foundation\\Http\\Middleware\\PreventRequestsDuringMaintenance.php(99): Illuminate\\Pipeline\\Pipeline->Illuminate\\Pipeline\\{closure}(Object(Illuminate\\Http\\Request))
#50 C:\\xampp\\htdocs\\success\\vendor\\laravel\\framework\\src\\Illuminate\\Pipeline\\Pipeline.php(183): Illuminate\\Foundation\\Http\\Middleware\\PreventRequestsDuringMaintenance->handle(Object(Illuminate\\Http\\Request), Object(Closure))
#51 C:\\xampp\\htdocs\\success\\vendor\\laravel\\framework\\src\\Illuminate\\Http\\Middleware\\HandleCors.php(49): Illuminate\\Pipeline\\Pipeline->Illuminate\\Pipeline\\{closure}(Object(Illuminate\\Http\\Request))
#52 C:\\xampp\\htdocs\\success\\vendor\\laravel\\framework\\src\\Illuminate\\Pipeline\\Pipeline.php(183): Illuminate\\Http\\Middleware\\HandleCors->handle(Object(Illuminate\\Http\\Request), Object(Closure))
#53 C:\\xampp\\htdocs\\success\\vendor\\laravel\\framework\\src\\Illuminate\\Http\\Middleware\\TrustProxies.php(39): Illuminate\\Pipeline\\Pipeline->Illuminate\\Pipeline\\{closure}(Object(Illuminate\\Http\\Request))
#54 C:\\xampp\\htdocs\\success\\vendor\\laravel\\framework\\src\\Illuminate\\Pipeline\\Pipeline.php(183): Illuminate\\Http\\Middleware\\TrustProxies->handle(Object(Illuminate\\Http\\Request), Object(Closure))
#55 C:\\xampp\\htdocs\\success\\vendor\\laravel\\framework\\src\\Illuminate\\Pipeline\\Pipeline.php(119): Illuminate\\Pipeline\\Pipeline->Illuminate\\Pipeline\\{closure}(Object(Illuminate\\Http\\Request))
#56 C:\\xampp\\htdocs\\success\\vendor\\laravel\\framework\\src\\Illuminate\\Foundation\\Http\\Kernel.php(175): Illuminate\\Pipeline\\Pipeline->then(Object(Closure))
#57 C:\\xampp\\htdocs\\success\\vendor\\laravel\\framework\\src\\Illuminate\\Foundation\\Http\\Kernel.php(144): Illuminate\\Foundation\\Http\\Kernel->sendRequestThroughRouter(Object(Illuminate\\Http\\Request))
#58 C:\\xampp\\htdocs\\success\\public\\index.php(51): Illuminate\\Foundation\\Http\\Kernel->handle(Object(Illuminate\\Http\\Request))
#59 C:\\xampp\\htdocs\\success\\vendor\\laravel\\framework\\src\\Illuminate\\Foundation\\resources\\server.php(16): require_once('C:\\\\xampp\\\\htdocs...')
#60 {main}
"} 
[2024-02-25 14:05:34] local.ERROR: Class App\Models\Admin contains 1 abstract method and must therefore be declared abstract or implement the remaining methods (App\Models\Admin::getActivitylogOptions) {"exception":"[object] (Symfony\\Component\\ErrorHandler\\Error\\FatalError(code: 0): Class App\\Models\\Admin contains 1 abstract method and must therefore be declared abstract or implement the remaining methods (App\\Models\\Admin::getActivitylogOptions) at C:\\xampp\\htdocs\\success\\app\\Models\\Admin.php:13)
[stacktrace]
#0 {main}
"} 
[2024-02-25 14:06:34] local.ERROR: Class App\Models\Admin contains 1 abstract method and must therefore be declared abstract or implement the remaining methods (App\Models\Admin::getActivitylogOptions) {"exception":"[object] (Symfony\\Component\\ErrorHandler\\Error\\FatalError(code: 0): Class App\\Models\\Admin contains 1 abstract method and must therefore be declared abstract or implement the remaining methods (App\\Models\\Admin::getActivitylogOptions) at C:\\xampp\\htdocs\\success\\app\\Models\\Admin.php:13)
[stacktrace]
#0 {main}
"} 
[2024-02-25 14:07:34] local.ERROR: Class App\Models\Admin contains 1 abstract method and must therefore be declared abstract or implement the remaining methods (App\Models\Admin::getActivitylogOptions) {"exception":"[object] (Symfony\\Component\\ErrorHandler\\Error\\FatalError(code: 0): Class App\\Models\\Admin contains 1 abstract method and must therefore be declared abstract or implement the remaining methods (App\\Models\\Admin::getActivitylogOptions) at C:\\xampp\\htdocs\\success\\app\\Models\\Admin.php:13)
[stacktrace]
#0 {main}
"} 
[2024-02-25 14:08:34] local.ERROR: Class App\Models\Admin contains 1 abstract method and must therefore be declared abstract or implement the remaining methods (App\Models\Admin::getActivitylogOptions) {"exception":"[object] (Symfony\\Component\\ErrorHandler\\Error\\FatalError(code: 0): Class App\\Models\\Admin contains 1 abstract method and must therefore be declared abstract or implement the remaining methods (App\\Models\\Admin::getActivitylogOptions) at C:\\xampp\\htdocs\\success\\app\\Models\\Admin.php:13)
[stacktrace]
#0 {main}
"} 
[2024-02-25 14:09:34] local.ERROR: Class App\Models\Admin contains 1 abstract method and must therefore be declared abstract or implement the remaining methods (App\Models\Admin::getActivitylogOptions) {"exception":"[object] (Symfony\\Component\\ErrorHandler\\Error\\FatalError(code: 0): Class App\\Models\\Admin contains 1 abstract method and must therefore be declared abstract or implement the remaining methods (App\\Models\\Admin::getActivitylogOptions) at C:\\xampp\\htdocs\\success\\app\\Models\\Admin.php:13)
[stacktrace]
#0 {main}
"} 
[2024-02-25 14:10:34] local.ERROR: Class App\Models\Admin contains 1 abstract method and must therefore be declared abstract or implement the remaining methods (App\Models\Admin::getActivitylogOptions) {"exception":"[object] (Symfony\\Component\\ErrorHandler\\Error\\FatalError(code: 0): Class App\\Models\\Admin contains 1 abstract method and must therefore be declared abstract or implement the remaining methods (App\\Models\\Admin::getActivitylogOptions) at C:\\xampp\\htdocs\\success\\app\\Models\\Admin.php:13)
[stacktrace]
#0 {main}
"} 
[2024-02-25 14:11:34] local.ERROR: Class App\Models\Admin contains 1 abstract method and must therefore be declared abstract or implement the remaining methods (App\Models\Admin::getActivitylogOptions) {"exception":"[object] (Symfony\\Component\\ErrorHandler\\Error\\FatalError(code: 0): Class App\\Models\\Admin contains 1 abstract method and must therefore be declared abstract or implement the remaining methods (App\\Models\\Admin::getActivitylogOptions) at C:\\xampp\\htdocs\\success\\app\\Models\\Admin.php:13)
[stacktrace]
#0 {main}
"} 
[2024-02-25 14:12:34] local.ERROR: Class App\Models\Admin contains 1 abstract method and must therefore be declared abstract or implement the remaining methods (App\Models\Admin::getActivitylogOptions) {"exception":"[object] (Symfony\\Component\\ErrorHandler\\Error\\FatalError(code: 0): Class App\\Models\\Admin contains 1 abstract method and must therefore be declared abstract or implement the remaining methods (App\\Models\\Admin::getActivitylogOptions) at C:\\xampp\\htdocs\\success\\app\\Models\\Admin.php:13)
[stacktrace]
#0 {main}
"} 
[2024-02-25 14:13:34] local.ERROR: Class App\Models\Admin contains 1 abstract method and must therefore be declared abstract or implement the remaining methods (App\Models\Admin::getActivitylogOptions) {"exception":"[object] (Symfony\\Component\\ErrorHandler\\Error\\FatalError(code: 0): Class App\\Models\\Admin contains 1 abstract method and must therefore be declared abstract or implement the remaining methods (App\\Models\\Admin::getActivitylogOptions) at C:\\xampp\\htdocs\\success\\app\\Models\\Admin.php:13)
[stacktrace]
#0 {main}
"} 
[2024-02-25 14:14:34] local.ERROR: Class App\Models\Admin contains 1 abstract method and must therefore be declared abstract or implement the remaining methods (App\Models\Admin::getActivitylogOptions) {"exception":"[object] (Symfony\\Component\\ErrorHandler\\Error\\FatalError(code: 0): Class App\\Models\\Admin contains 1 abstract method and must therefore be declared abstract or implement the remaining methods (App\\Models\\Admin::getActivitylogOptions) at C:\\xampp\\htdocs\\success\\app\\Models\\Admin.php:13)
[stacktrace]
#0 {main}
"} 
[2024-02-25 14:15:34] local.ERROR: Class App\Models\Admin contains 1 abstract method and must therefore be declared abstract or implement the remaining methods (App\Models\Admin::getActivitylogOptions) {"exception":"[object] (Symfony\\Component\\ErrorHandler\\Error\\FatalError(code: 0): Class App\\Models\\Admin contains 1 abstract method and must therefore be declared abstract or implement the remaining methods (App\\Models\\Admin::getActivitylogOptions) at C:\\xampp\\htdocs\\success\\app\\Models\\Admin.php:13)
[stacktrace]
#0 {main}
"} 
[2024-02-25 14:16:34] local.ERROR: Class App\Models\Admin contains 1 abstract method and must therefore be declared abstract or implement the remaining methods (App\Models\Admin::getActivitylogOptions) {"exception":"[object] (Symfony\\Component\\ErrorHandler\\Error\\FatalError(code: 0): Class App\\Models\\Admin contains 1 abstract method and must therefore be declared abstract or implement the remaining methods (App\\Models\\Admin::getActivitylogOptions) at C:\\xampp\\htdocs\\success\\app\\Models\\Admin.php:13)
[stacktrace]
#0 {main}
"} 
[2024-02-25 14:17:34] local.ERROR: Class App\Models\Admin contains 1 abstract method and must therefore be declared abstract or implement the remaining methods (App\Models\Admin::getActivitylogOptions) {"exception":"[object] (Symfony\\Component\\ErrorHandler\\Error\\FatalError(code: 0): Class App\\Models\\Admin contains 1 abstract method and must therefore be declared abstract or implement the remaining methods (App\\Models\\Admin::getActivitylogOptions) at C:\\xampp\\htdocs\\success\\app\\Models\\Admin.php:13)
[stacktrace]
#0 {main}
"} 
[2024-02-25 14:18:34] local.ERROR: Class App\Models\Admin contains 1 abstract method and must therefore be declared abstract or implement the remaining methods (App\Models\Admin::getActivitylogOptions) {"exception":"[object] (Symfony\\Component\\ErrorHandler\\Error\\FatalError(code: 0): Class App\\Models\\Admin contains 1 abstract method and must therefore be declared abstract or implement the remaining methods (App\\Models\\Admin::getActivitylogOptions) at C:\\xampp\\htdocs\\success\\app\\Models\\Admin.php:13)
[stacktrace]
#0 {main}
"} 
[2024-02-25 14:19:34] local.ERROR: Class App\Models\Admin contains 1 abstract method and must therefore be declared abstract or implement the remaining methods (App\Models\Admin::getActivitylogOptions) {"exception":"[object] (Symfony\\Component\\ErrorHandler\\Error\\FatalError(code: 0): Class App\\Models\\Admin contains 1 abstract method and must therefore be declared abstract or implement the remaining methods (App\\Models\\Admin::getActivitylogOptions) at C:\\xampp\\htdocs\\success\\app\\Models\\Admin.php:13)
[stacktrace]
#0 {main}
"} 
[2024-02-25 14:20:34] local.ERROR: Class App\Models\Admin contains 1 abstract method and must therefore be declared abstract or implement the remaining methods (App\Models\Admin::getActivitylogOptions) {"exception":"[object] (Symfony\\Component\\ErrorHandler\\Error\\FatalError(code: 0): Class App\\Models\\Admin contains 1 abstract method and must therefore be declared abstract or implement the remaining methods (App\\Models\\Admin::getActivitylogOptions) at C:\\xampp\\htdocs\\success\\app\\Models\\Admin.php:13)
[stacktrace]
#0 {main}
"} 
[2024-02-25 14:21:34] local.ERROR: Class App\Models\Admin contains 1 abstract method and must therefore be declared abstract or implement the remaining methods (App\Models\Admin::getActivitylogOptions) {"exception":"[object] (Symfony\\Component\\ErrorHandler\\Error\\FatalError(code: 0): Class App\\Models\\Admin contains 1 abstract method and must therefore be declared abstract or implement the remaining methods (App\\Models\\Admin::getActivitylogOptions) at C:\\xampp\\htdocs\\success\\app\\Models\\Admin.php:13)
[stacktrace]
#0 {main}
"} 
[2024-02-25 14:22:34] local.ERROR: Class App\Models\Admin contains 1 abstract method and must therefore be declared abstract or implement the remaining methods (App\Models\Admin::getActivitylogOptions) {"exception":"[object] (Symfony\\Component\\ErrorHandler\\Error\\FatalError(code: 0): Class App\\Models\\Admin contains 1 abstract method and must therefore be declared abstract or implement the remaining methods (App\\Models\\Admin::getActivitylogOptions) at C:\\xampp\\htdocs\\success\\app\\Models\\Admin.php:13)
[stacktrace]
#0 {main}
"} 
[2024-02-25 14:23:34] local.ERROR: Class App\Models\Admin contains 1 abstract method and must therefore be declared abstract or implement the remaining methods (App\Models\Admin::getActivitylogOptions) {"exception":"[object] (Symfony\\Component\\ErrorHandler\\Error\\FatalError(code: 0): Class App\\Models\\Admin contains 1 abstract method and must therefore be declared abstract or implement the remaining methods (App\\Models\\Admin::getActivitylogOptions) at C:\\xampp\\htdocs\\success\\app\\Models\\Admin.php:13)
[stacktrace]
#0 {main}
"} 
[2024-02-25 14:24:34] local.ERROR: Class App\Models\Admin contains 1 abstract method and must therefore be declared abstract or implement the remaining methods (App\Models\Admin::getActivitylogOptions) {"exception":"[object] (Symfony\\Component\\ErrorHandler\\Error\\FatalError(code: 0): Class App\\Models\\Admin contains 1 abstract method and must therefore be declared abstract or implement the remaining methods (App\\Models\\Admin::getActivitylogOptions) at C:\\xampp\\htdocs\\success\\app\\Models\\Admin.php:13)
[stacktrace]
#0 {main}
"} 
[2024-02-25 14:25:34] local.ERROR: Class App\Models\Admin contains 1 abstract method and must therefore be declared abstract or implement the remaining methods (App\Models\Admin::getActivitylogOptions) {"exception":"[object] (Symfony\\Component\\ErrorHandler\\Error\\FatalError(code: 0): Class App\\Models\\Admin contains 1 abstract method and must therefore be declared abstract or implement the remaining methods (App\\Models\\Admin::getActivitylogOptions) at C:\\xampp\\htdocs\\success\\app\\Models\\Admin.php:13)
[stacktrace]
#0 {main}
"} 
[2024-02-25 14:26:34] local.ERROR: Class App\Models\Admin contains 1 abstract method and must therefore be declared abstract or implement the remaining methods (App\Models\Admin::getActivitylogOptions) {"exception":"[object] (Symfony\\Component\\ErrorHandler\\Error\\FatalError(code: 0): Class App\\Models\\Admin contains 1 abstract method and must therefore be declared abstract or implement the remaining methods (App\\Models\\Admin::getActivitylogOptions) at C:\\xampp\\htdocs\\success\\app\\Models\\Admin.php:13)
[stacktrace]
#0 {main}
"} 
[2024-02-25 14:27:34] local.ERROR: Class App\Models\Admin contains 1 abstract method and must therefore be declared abstract or implement the remaining methods (App\Models\Admin::getActivitylogOptions) {"exception":"[object] (Symfony\\Component\\ErrorHandler\\Error\\FatalError(code: 0): Class App\\Models\\Admin contains 1 abstract method and must therefore be declared abstract or implement the remaining methods (App\\Models\\Admin::getActivitylogOptions) at C:\\xampp\\htdocs\\success\\app\\Models\\Admin.php:13)
[stacktrace]
#0 {main}
"} 
[2024-02-25 14:28:34] local.ERROR: Class App\Models\Admin contains 1 abstract method and must therefore be declared abstract or implement the remaining methods (App\Models\Admin::getActivitylogOptions) {"exception":"[object] (Symfony\\Component\\ErrorHandler\\Error\\FatalError(code: 0): Class App\\Models\\Admin contains 1 abstract method and must therefore be declared abstract or implement the remaining methods (App\\Models\\Admin::getActivitylogOptions) at C:\\xampp\\htdocs\\success\\app\\Models\\Admin.php:13)
[stacktrace]
#0 {main}
"} 
[2024-02-25 14:29:34] local.ERROR: Class App\Models\Admin contains 1 abstract method and must therefore be declared abstract or implement the remaining methods (App\Models\Admin::getActivitylogOptions) {"exception":"[object] (Symfony\\Component\\ErrorHandler\\Error\\FatalError(code: 0): Class App\\Models\\Admin contains 1 abstract method and must therefore be declared abstract or implement the remaining methods (App\\Models\\Admin::getActivitylogOptions) at C:\\xampp\\htdocs\\success\\app\\Models\\Admin.php:13)
[stacktrace]
#0 {main}
"} 
[2024-02-25 14:30:34] local.ERROR: Class App\Models\Admin contains 1 abstract method and must therefore be declared abstract or implement the remaining methods (App\Models\Admin::getActivitylogOptions) {"exception":"[object] (Symfony\\Component\\ErrorHandler\\Error\\FatalError(code: 0): Class App\\Models\\Admin contains 1 abstract method and must therefore be declared abstract or implement the remaining methods (App\\Models\\Admin::getActivitylogOptions) at C:\\xampp\\htdocs\\success\\app\\Models\\Admin.php:13)
[stacktrace]
#0 {main}
"} 
[2024-02-25 14:30:34] local.ERROR: Class App\Models\Admin contains 1 abstract method and must therefore be declared abstract or implement the remaining methods (App\Models\Admin::getActivitylogOptions) {"exception":"[object] (Symfony\\Component\\ErrorHandler\\Error\\FatalError(code: 0): Class App\\Models\\Admin contains 1 abstract method and must therefore be declared abstract or implement the remaining methods (App\\Models\\Admin::getActivitylogOptions) at C:\\xampp\\htdocs\\success\\app\\Models\\Admin.php:13)
[stacktrace]
#0 {main}
"} 
[2024-02-25 14:30:54] local.ERROR: Class App\Models\Admin contains 1 abstract method and must therefore be declared abstract or implement the remaining methods (App\Models\Admin::getActivitylogOptions) {"exception":"[object] (Symfony\\Component\\ErrorHandler\\Error\\FatalError(code: 0): Class App\\Models\\Admin contains 1 abstract method and must therefore be declared abstract or implement the remaining methods (App\\Models\\Admin::getActivitylogOptions) at C:\\xampp\\htdocs\\success\\app\\Models\\Admin.php:13)
[stacktrace]
#0 {main}
"} 
[2024-02-25 14:31:10] local.ERROR: Class App\Models\Admin contains 1 abstract method and must therefore be declared abstract or implement the remaining methods (App\Models\Admin::getActivitylogOptions) {"exception":"[object] (Symfony\\Component\\ErrorHandler\\Error\\FatalError(code: 0): Class App\\Models\\Admin contains 1 abstract method and must therefore be declared abstract or implement the remaining methods (App\\Models\\Admin::getActivitylogOptions) at C:\\xampp\\htdocs\\success\\app\\Models\\Admin.php:13)
[stacktrace]
#0 {main}
"} 
[2024-02-25 14:31:30] local.ERROR: Class App\Models\Admin contains 1 abstract method and must therefore be declared abstract or implement the remaining methods (App\Models\Admin::getActivitylogOptions) {"exception":"[object] (Symfony\\Component\\ErrorHandler\\Error\\FatalError(code: 0): Class App\\Models\\Admin contains 1 abstract method and must therefore be declared abstract or implement the remaining methods (App\\Models\\Admin::getActivitylogOptions) at C:\\xampp\\htdocs\\success\\app\\Models\\Admin.php:13)
[stacktrace]
#0 {main}
"} 
[2024-02-25 14:31:34] local.ERROR: Class App\Models\Admin contains 1 abstract method and must therefore be declared abstract or implement the remaining methods (App\Models\Admin::getActivitylogOptions) {"exception":"[object] (Symfony\\Component\\ErrorHandler\\Error\\FatalError(code: 0): Class App\\Models\\Admin contains 1 abstract method and must therefore be declared abstract or implement the remaining methods (App\\Models\\Admin::getActivitylogOptions) at C:\\xampp\\htdocs\\success\\app\\Models\\Admin.php:13)
[stacktrace]
#0 {main}
"} 
[2024-02-25 14:31:57] local.ERROR: Class App\Models\Admin contains 1 abstract method and must therefore be declared abstract or implement the remaining methods (App\Models\Admin::getActivitylogOptions) {"exception":"[object] (Symfony\\Component\\ErrorHandler\\Error\\FatalError(code: 0): Class App\\Models\\Admin contains 1 abstract method and must therefore be declared abstract or implement the remaining methods (App\\Models\\Admin::getActivitylogOptions) at C:\\xampp\\htdocs\\success\\app\\Models\\Admin.php:13)
[stacktrace]
#0 {main}
"} 
[2024-02-25 14:32:07] local.ERROR: Class App\Models\Admin contains 1 abstract method and must therefore be declared abstract or implement the remaining methods (App\Models\Admin::getActivitylogOptions) {"exception":"[object] (Symfony\\Component\\ErrorHandler\\Error\\FatalError(code: 0): Class App\\Models\\Admin contains 1 abstract method and must therefore be declared abstract or implement the remaining methods (App\\Models\\Admin::getActivitylogOptions) at C:\\xampp\\htdocs\\success\\app\\Models\\Admin.php:13)
[stacktrace]
#0 {main}
"} 
[2024-02-25 14:32:34] local.ERROR: Class App\Models\Admin contains 1 abstract method and must therefore be declared abstract or implement the remaining methods (App\Models\Admin::getActivitylogOptions) {"exception":"[object] (Symfony\\Component\\ErrorHandler\\Error\\FatalError(code: 0): Class App\\Models\\Admin contains 1 abstract method and must therefore be declared abstract or implement the remaining methods (App\\Models\\Admin::getActivitylogOptions) at C:\\xampp\\htdocs\\success\\app\\Models\\Admin.php:13)
[stacktrace]
#0 {main}
"} 
[2024-02-25 14:33:34] local.ERROR: Class App\Models\Admin contains 1 abstract method and must therefore be declared abstract or implement the remaining methods (App\Models\Admin::getActivitylogOptions) {"exception":"[object] (Symfony\\Component\\ErrorHandler\\Error\\FatalError(code: 0): Class App\\Models\\Admin contains 1 abstract method and must therefore be declared abstract or implement the remaining methods (App\\Models\\Admin::getActivitylogOptions) at C:\\xampp\\htdocs\\success\\app\\Models\\Admin.php:13)
[stacktrace]
#0 {main}
"} 
[2024-02-25 14:34:34] local.ERROR: Class App\Models\Admin contains 1 abstract method and must therefore be declared abstract or implement the remaining methods (App\Models\Admin::getActivitylogOptions) {"exception":"[object] (Symfony\\Component\\ErrorHandler\\Error\\FatalError(code: 0): Class App\\Models\\Admin contains 1 abstract method and must therefore be declared abstract or implement the remaining methods (App\\Models\\Admin::getActivitylogOptions) at C:\\xampp\\htdocs\\success\\app\\Models\\Admin.php:13)
[stacktrace]
#0 {main}
"} 
[2024-02-25 14:35:34] local.ERROR: Class App\Models\Admin contains 1 abstract method and must therefore be declared abstract or implement the remaining methods (App\Models\Admin::getActivitylogOptions) {"exception":"[object] (Symfony\\Component\\ErrorHandler\\Error\\FatalError(code: 0): Class App\\Models\\Admin contains 1 abstract method and must therefore be declared abstract or implement the remaining methods (App\\Models\\Admin::getActivitylogOptions) at C:\\xampp\\htdocs\\success\\app\\Models\\Admin.php:13)
[stacktrace]
#0 {main}
"} 
[2024-02-25 14:36:34] local.ERROR: Class App\Models\Admin contains 1 abstract method and must therefore be declared abstract or implement the remaining methods (App\Models\Admin::getActivitylogOptions) {"exception":"[object] (Symfony\\Component\\ErrorHandler\\Error\\FatalError(code: 0): Class App\\Models\\Admin contains 1 abstract method and must therefore be declared abstract or implement the remaining methods (App\\Models\\Admin::getActivitylogOptions) at C:\\xampp\\htdocs\\success\\app\\Models\\Admin.php:13)
[stacktrace]
#0 {main}
"} 
[2024-02-25 14:37:34] local.ERROR: Class App\Models\Admin contains 1 abstract method and must therefore be declared abstract or implement the remaining methods (App\Models\Admin::getActivitylogOptions) {"exception":"[object] (Symfony\\Component\\ErrorHandler\\Error\\FatalError(code: 0): Class App\\Models\\Admin contains 1 abstract method and must therefore be declared abstract or implement the remaining methods (App\\Models\\Admin::getActivitylogOptions) at C:\\xampp\\htdocs\\success\\app\\Models\\Admin.php:13)
[stacktrace]
#0 {main}
"} 
[2024-02-25 14:38:34] local.ERROR: Class App\Models\Admin contains 1 abstract method and must therefore be declared abstract or implement the remaining methods (App\Models\Admin::getActivitylogOptions) {"exception":"[object] (Symfony\\Component\\ErrorHandler\\Error\\FatalError(code: 0): Class App\\Models\\Admin contains 1 abstract method and must therefore be declared abstract or implement the remaining methods (App\\Models\\Admin::getActivitylogOptions) at C:\\xampp\\htdocs\\success\\app\\Models\\Admin.php:13)
[stacktrace]
#0 {main}
"} 
[2024-02-25 14:39:34] local.ERROR: Class App\Models\Admin contains 1 abstract method and must therefore be declared abstract or implement the remaining methods (App\Models\Admin::getActivitylogOptions) {"exception":"[object] (Symfony\\Component\\ErrorHandler\\Error\\FatalError(code: 0): Class App\\Models\\Admin contains 1 abstract method and must therefore be declared abstract or implement the remaining methods (App\\Models\\Admin::getActivitylogOptions) at C:\\xampp\\htdocs\\success\\app\\Models\\Admin.php:13)
[stacktrace]
#0 {main}
"} 
[2024-02-25 14:40:34] local.ERROR: Class App\Models\Admin contains 1 abstract method and must therefore be declared abstract or implement the remaining methods (App\Models\Admin::getActivitylogOptions) {"exception":"[object] (Symfony\\Component\\ErrorHandler\\Error\\FatalError(code: 0): Class App\\Models\\Admin contains 1 abstract method and must therefore be declared abstract or implement the remaining methods (App\\Models\\Admin::getActivitylogOptions) at C:\\xampp\\htdocs\\success\\app\\Models\\Admin.php:13)
[stacktrace]
#0 {main}
"} 
[2024-02-25 14:41:34] local.ERROR: Class App\Models\Admin contains 1 abstract method and must therefore be declared abstract or implement the remaining methods (App\Models\Admin::getActivitylogOptions) {"exception":"[object] (Symfony\\Component\\ErrorHandler\\Error\\FatalError(code: 0): Class App\\Models\\Admin contains 1 abstract method and must therefore be declared abstract or implement the remaining methods (App\\Models\\Admin::getActivitylogOptions) at C:\\xampp\\htdocs\\success\\app\\Models\\Admin.php:13)
[stacktrace]
#0 {main}
"} 
[2024-02-25 14:42:34] local.ERROR: Class App\Models\Admin contains 1 abstract method and must therefore be declared abstract or implement the remaining methods (App\Models\Admin::getActivitylogOptions) {"exception":"[object] (Symfony\\Component\\ErrorHandler\\Error\\FatalError(code: 0): Class App\\Models\\Admin contains 1 abstract method and must therefore be declared abstract or implement the remaining methods (App\\Models\\Admin::getActivitylogOptions) at C:\\xampp\\htdocs\\success\\app\\Models\\Admin.php:13)
[stacktrace]
#0 {main}
"} 
[2024-02-25 14:43:34] local.ERROR: Class App\Models\Admin contains 1 abstract method and must therefore be declared abstract or implement the remaining methods (App\Models\Admin::getActivitylogOptions) {"exception":"[object] (Symfony\\Component\\ErrorHandler\\Error\\FatalError(code: 0): Class App\\Models\\Admin contains 1 abstract method and must therefore be declared abstract or implement the remaining methods (App\\Models\\Admin::getActivitylogOptions) at C:\\xampp\\htdocs\\success\\app\\Models\\Admin.php:13)
[stacktrace]
#0 {main}
"} 
[2024-02-25 14:44:34] local.ERROR: Class App\Models\Admin contains 1 abstract method and must therefore be declared abstract or implement the remaining methods (App\Models\Admin::getActivitylogOptions) {"exception":"[object] (Symfony\\Component\\ErrorHandler\\Error\\FatalError(code: 0): Class App\\Models\\Admin contains 1 abstract method and must therefore be declared abstract or implement the remaining methods (App\\Models\\Admin::getActivitylogOptions) at C:\\xampp\\htdocs\\success\\app\\Models\\Admin.php:13)
[stacktrace]
#0 {main}
"} 
[2024-02-25 14:45:34] local.ERROR: Class App\Models\Admin contains 1 abstract method and must therefore be declared abstract or implement the remaining methods (App\Models\Admin::getActivitylogOptions) {"exception":"[object] (Symfony\\Component\\ErrorHandler\\Error\\FatalError(code: 0): Class App\\Models\\Admin contains 1 abstract method and must therefore be declared abstract or implement the remaining methods (App\\Models\\Admin::getActivitylogOptions) at C:\\xampp\\htdocs\\success\\app\\Models\\Admin.php:13)
[stacktrace]
#0 {main}
"} 
[2024-02-25 14:46:34] local.ERROR: Class App\Models\Admin contains 1 abstract method and must therefore be declared abstract or implement the remaining methods (App\Models\Admin::getActivitylogOptions) {"exception":"[object] (Symfony\\Component\\ErrorHandler\\Error\\FatalError(code: 0): Class App\\Models\\Admin contains 1 abstract method and must therefore be declared abstract or implement the remaining methods (App\\Models\\Admin::getActivitylogOptions) at C:\\xampp\\htdocs\\success\\app\\Models\\Admin.php:13)
[stacktrace]
#0 {main}
"} 
[2024-02-25 14:47:34] local.ERROR: Class App\Models\Admin contains 1 abstract method and must therefore be declared abstract or implement the remaining methods (App\Models\Admin::getActivitylogOptions) {"exception":"[object] (Symfony\\Component\\ErrorHandler\\Error\\FatalError(code: 0): Class App\\Models\\Admin contains 1 abstract method and must therefore be declared abstract or implement the remaining methods (App\\Models\\Admin::getActivitylogOptions) at C:\\xampp\\htdocs\\success\\app\\Models\\Admin.php:13)
[stacktrace]
#0 {main}
"} 
[2024-02-25 14:48:34] local.ERROR: Class App\Models\Admin contains 1 abstract method and must therefore be declared abstract or implement the remaining methods (App\Models\Admin::getActivitylogOptions) {"exception":"[object] (Symfony\\Component\\ErrorHandler\\Error\\FatalError(code: 0): Class App\\Models\\Admin contains 1 abstract method and must therefore be declared abstract or implement the remaining methods (App\\Models\\Admin::getActivitylogOptions) at C:\\xampp\\htdocs\\success\\app\\Models\\Admin.php:13)
[stacktrace]
#0 {main}
"} 
[2024-02-25 14:49:34] local.ERROR: Class App\Models\Admin contains 1 abstract method and must therefore be declared abstract or implement the remaining methods (App\Models\Admin::getActivitylogOptions) {"exception":"[object] (Symfony\\Component\\ErrorHandler\\Error\\FatalError(code: 0): Class App\\Models\\Admin contains 1 abstract method and must therefore be declared abstract or implement the remaining methods (App\\Models\\Admin::getActivitylogOptions) at C:\\xampp\\htdocs\\success\\app\\Models\\Admin.php:13)
[stacktrace]
#0 {main}
"} 
[2024-02-25 14:50:34] local.ERROR: Class App\Models\Admin contains 1 abstract method and must therefore be declared abstract or implement the remaining methods (App\Models\Admin::getActivitylogOptions) {"exception":"[object] (Symfony\\Component\\ErrorHandler\\Error\\FatalError(code: 0): Class App\\Models\\Admin contains 1 abstract method and must therefore be declared abstract or implement the remaining methods (App\\Models\\Admin::getActivitylogOptions) at C:\\xampp\\htdocs\\success\\app\\Models\\Admin.php:13)
[stacktrace]
#0 {main}
"} 
[2024-02-25 14:51:34] local.ERROR: Class App\Models\Admin contains 1 abstract method and must therefore be declared abstract or implement the remaining methods (App\Models\Admin::getActivitylogOptions) {"exception":"[object] (Symfony\\Component\\ErrorHandler\\Error\\FatalError(code: 0): Class App\\Models\\Admin contains 1 abstract method and must therefore be declared abstract or implement the remaining methods (App\\Models\\Admin::getActivitylogOptions) at C:\\xampp\\htdocs\\success\\app\\Models\\Admin.php:13)
[stacktrace]
#0 {main}
"} 
[2024-02-25 14:52:34] local.ERROR: Class App\Models\Admin contains 1 abstract method and must therefore be declared abstract or implement the remaining methods (App\Models\Admin::getActivitylogOptions) {"exception":"[object] (Symfony\\Component\\ErrorHandler\\Error\\FatalError(code: 0): Class App\\Models\\Admin contains 1 abstract method and must therefore be declared abstract or implement the remaining methods (App\\Models\\Admin::getActivitylogOptions) at C:\\xampp\\htdocs\\success\\app\\Models\\Admin.php:13)
[stacktrace]
#0 {main}
"} 
[2024-02-25 14:53:34] local.ERROR: Class App\Models\Admin contains 1 abstract method and must therefore be declared abstract or implement the remaining methods (App\Models\Admin::getActivitylogOptions) {"exception":"[object] (Symfony\\Component\\ErrorHandler\\Error\\FatalError(code: 0): Class App\\Models\\Admin contains 1 abstract method and must therefore be declared abstract or implement the remaining methods (App\\Models\\Admin::getActivitylogOptions) at C:\\xampp\\htdocs\\success\\app\\Models\\Admin.php:13)
[stacktrace]
#0 {main}
"} 
[2024-02-25 14:54:34] local.ERROR: Class App\Models\Admin contains 1 abstract method and must therefore be declared abstract or implement the remaining methods (App\Models\Admin::getActivitylogOptions) {"exception":"[object] (Symfony\\Component\\ErrorHandler\\Error\\FatalError(code: 0): Class App\\Models\\Admin contains 1 abstract method and must therefore be declared abstract or implement the remaining methods (App\\Models\\Admin::getActivitylogOptions) at C:\\xampp\\htdocs\\success\\app\\Models\\Admin.php:13)
[stacktrace]
#0 {main}
"} 
[2024-02-25 14:55:34] local.ERROR: Class App\Models\Admin contains 1 abstract method and must therefore be declared abstract or implement the remaining methods (App\Models\Admin::getActivitylogOptions) {"exception":"[object] (Symfony\\Component\\ErrorHandler\\Error\\FatalError(code: 0): Class App\\Models\\Admin contains 1 abstract method and must therefore be declared abstract or implement the remaining methods (App\\Models\\Admin::getActivitylogOptions) at C:\\xampp\\htdocs\\success\\app\\Models\\Admin.php:13)
[stacktrace]
#0 {main}
"} 
[2024-02-25 14:56:34] local.ERROR: Class App\Models\Admin contains 1 abstract method and must therefore be declared abstract or implement the remaining methods (App\Models\Admin::getActivitylogOptions) {"exception":"[object] (Symfony\\Component\\ErrorHandler\\Error\\FatalError(code: 0): Class App\\Models\\Admin contains 1 abstract method and must therefore be declared abstract or implement the remaining methods (App\\Models\\Admin::getActivitylogOptions) at C:\\xampp\\htdocs\\success\\app\\Models\\Admin.php:13)
[stacktrace]
#0 {main}
"} 
[2024-02-25 14:57:34] local.ERROR: Class App\Models\Admin contains 1 abstract method and must therefore be declared abstract or implement the remaining methods (App\Models\Admin::getActivitylogOptions) {"exception":"[object] (Symfony\\Component\\ErrorHandler\\Error\\FatalError(code: 0): Class App\\Models\\Admin contains 1 abstract method and must therefore be declared abstract or implement the remaining methods (App\\Models\\Admin::getActivitylogOptions) at C:\\xampp\\htdocs\\success\\app\\Models\\Admin.php:13)
[stacktrace]
#0 {main}
"} 
[2024-02-25 14:58:34] local.ERROR: Class App\Models\Admin contains 1 abstract method and must therefore be declared abstract or implement the remaining methods (App\Models\Admin::getActivitylogOptions) {"exception":"[object] (Symfony\\Component\\ErrorHandler\\Error\\FatalError(code: 0): Class App\\Models\\Admin contains 1 abstract method and must therefore be declared abstract or implement the remaining methods (App\\Models\\Admin::getActivitylogOptions) at C:\\xampp\\htdocs\\success\\app\\Models\\Admin.php:13)
[stacktrace]
#0 {main}
"} 
[2024-02-25 14:59:34] local.ERROR: Class App\Models\Admin contains 1 abstract method and must therefore be declared abstract or implement the remaining methods (App\Models\Admin::getActivitylogOptions) {"exception":"[object] (Symfony\\Component\\ErrorHandler\\Error\\FatalError(code: 0): Class App\\Models\\Admin contains 1 abstract method and must therefore be declared abstract or implement the remaining methods (App\\Models\\Admin::getActivitylogOptions) at C:\\xampp\\htdocs\\success\\app\\Models\\Admin.php:13)
[stacktrace]
#0 {main}
"} 
[2024-02-25 15:00:34] local.ERROR: Class App\Models\Admin contains 1 abstract method and must therefore be declared abstract or implement the remaining methods (App\Models\Admin::getActivitylogOptions) {"exception":"[object] (Symfony\\Component\\ErrorHandler\\Error\\FatalError(code: 0): Class App\\Models\\Admin contains 1 abstract method and must therefore be declared abstract or implement the remaining methods (App\\Models\\Admin::getActivitylogOptions) at C:\\xampp\\htdocs\\success\\app\\Models\\Admin.php:13)
[stacktrace]
#0 {main}
"} 
[2024-02-25 15:01:34] local.ERROR: Class App\Models\Admin contains 1 abstract method and must therefore be declared abstract or implement the remaining methods (App\Models\Admin::getActivitylogOptions) {"exception":"[object] (Symfony\\Component\\ErrorHandler\\Error\\FatalError(code: 0): Class App\\Models\\Admin contains 1 abstract method and must therefore be declared abstract or implement the remaining methods (App\\Models\\Admin::getActivitylogOptions) at C:\\xampp\\htdocs\\success\\app\\Models\\Admin.php:13)
[stacktrace]
#0 {main}
"} 
[2024-02-25 15:02:34] local.ERROR: Class App\Models\Admin contains 1 abstract method and must therefore be declared abstract or implement the remaining methods (App\Models\Admin::getActivitylogOptions) {"exception":"[object] (Symfony\\Component\\ErrorHandler\\Error\\FatalError(code: 0): Class App\\Models\\Admin contains 1 abstract method and must therefore be declared abstract or implement the remaining methods (App\\Models\\Admin::getActivitylogOptions) at C:\\xampp\\htdocs\\success\\app\\Models\\Admin.php:13)
[stacktrace]
#0 {main}
"} 
[2024-02-25 15:03:34] local.ERROR: Class App\Models\Admin contains 1 abstract method and must therefore be declared abstract or implement the remaining methods (App\Models\Admin::getActivitylogOptions) {"exception":"[object] (Symfony\\Component\\ErrorHandler\\Error\\FatalError(code: 0): Class App\\Models\\Admin contains 1 abstract method and must therefore be declared abstract or implement the remaining methods (App\\Models\\Admin::getActivitylogOptions) at C:\\xampp\\htdocs\\success\\app\\Models\\Admin.php:13)
[stacktrace]
#0 {main}
"} 
[2024-02-25 15:04:34] local.ERROR: Class App\Models\Admin contains 1 abstract method and must therefore be declared abstract or implement the remaining methods (App\Models\Admin::getActivitylogOptions) {"exception":"[object] (Symfony\\Component\\ErrorHandler\\Error\\FatalError(code: 0): Class App\\Models\\Admin contains 1 abstract method and must therefore be declared abstract or implement the remaining methods (App\\Models\\Admin::getActivitylogOptions) at C:\\xampp\\htdocs\\success\\app\\Models\\Admin.php:13)
[stacktrace]
#0 {main}
"} 
[2024-02-25 15:05:34] local.ERROR: Class App\Models\Admin contains 1 abstract method and must therefore be declared abstract or implement the remaining methods (App\Models\Admin::getActivitylogOptions) {"exception":"[object] (Symfony\\Component\\ErrorHandler\\Error\\FatalError(code: 0): Class App\\Models\\Admin contains 1 abstract method and must therefore be declared abstract or implement the remaining methods (App\\Models\\Admin::getActivitylogOptions) at C:\\xampp\\htdocs\\success\\app\\Models\\Admin.php:13)
[stacktrace]
#0 {main}
"} 
[2024-02-25 15:06:34] local.ERROR: Class App\Models\Admin contains 1 abstract method and must therefore be declared abstract or implement the remaining methods (App\Models\Admin::getActivitylogOptions) {"exception":"[object] (Symfony\\Component\\ErrorHandler\\Error\\FatalError(code: 0): Class App\\Models\\Admin contains 1 abstract method and must therefore be declared abstract or implement the remaining methods (App\\Models\\Admin::getActivitylogOptions) at C:\\xampp\\htdocs\\success\\app\\Models\\Admin.php:13)
[stacktrace]
#0 {main}
"} 
[2024-02-25 15:07:34] local.ERROR: Class App\Models\Admin contains 1 abstract method and must therefore be declared abstract or implement the remaining methods (App\Models\Admin::getActivitylogOptions) {"exception":"[object] (Symfony\\Component\\ErrorHandler\\Error\\FatalError(code: 0): Class App\\Models\\Admin contains 1 abstract method and must therefore be declared abstract or implement the remaining methods (App\\Models\\Admin::getActivitylogOptions) at C:\\xampp\\htdocs\\success\\app\\Models\\Admin.php:13)
[stacktrace]
#0 {main}
"} 
[2024-02-25 15:08:34] local.ERROR: Class App\Models\Admin contains 1 abstract method and must therefore be declared abstract or implement the remaining methods (App\Models\Admin::getActivitylogOptions) {"exception":"[object] (Symfony\\Component\\ErrorHandler\\Error\\FatalError(code: 0): Class App\\Models\\Admin contains 1 abstract method and must therefore be declared abstract or implement the remaining methods (App\\Models\\Admin::getActivitylogOptions) at C:\\xampp\\htdocs\\success\\app\\Models\\Admin.php:13)
[stacktrace]
#0 {main}
"} 
[2024-02-25 15:09:03] local.ERROR: Class App\Models\Admin contains 1 abstract method and must therefore be declared abstract or implement the remaining methods (App\Models\Admin::getActivitylogOptions) {"exception":"[object] (Symfony\\Component\\ErrorHandler\\Error\\FatalError(code: 0): Class App\\Models\\Admin contains 1 abstract method and must therefore be declared abstract or implement the remaining methods (App\\Models\\Admin::getActivitylogOptions) at C:\\xampp\\htdocs\\success\\app\\Models\\Admin.php:13)
[stacktrace]
#0 {main}
"} 
[2024-02-25 15:09:34] local.ERROR: Class App\Models\Admin contains 1 abstract method and must therefore be declared abstract or implement the remaining methods (App\Models\Admin::getActivitylogOptions) {"exception":"[object] (Symfony\\Component\\ErrorHandler\\Error\\FatalError(code: 0): Class App\\Models\\Admin contains 1 abstract method and must therefore be declared abstract or implement the remaining methods (App\\Models\\Admin::getActivitylogOptions) at C:\\xampp\\htdocs\\success\\app\\Models\\Admin.php:13)
[stacktrace]
#0 {main}
"} 
[2024-02-25 15:10:05] local.ERROR: Class App\Models\Admin contains 1 abstract method and must therefore be declared abstract or implement the remaining methods (App\Models\Admin::getActivitylogOptions) {"exception":"[object] (Symfony\\Component\\ErrorHandler\\Error\\FatalError(code: 0): Class App\\Models\\Admin contains 1 abstract method and must therefore be declared abstract or implement the remaining methods (App\\Models\\Admin::getActivitylogOptions) at C:\\xampp\\htdocs\\success\\app\\Models\\Admin.php:13)
[stacktrace]
#0 {main}
"} 
[2024-02-25 15:10:34] local.ERROR: Class App\Models\Admin contains 1 abstract method and must therefore be declared abstract or implement the remaining methods (App\Models\Admin::getActivitylogOptions) {"exception":"[object] (Symfony\\Component\\ErrorHandler\\Error\\FatalError(code: 0): Class App\\Models\\Admin contains 1 abstract method and must therefore be declared abstract or implement the remaining methods (App\\Models\\Admin::getActivitylogOptions) at C:\\xampp\\htdocs\\success\\app\\Models\\Admin.php:13)
[stacktrace]
#0 {main}
"} 
[2024-02-25 15:11:34] local.ERROR: Class App\Models\Admin contains 1 abstract method and must therefore be declared abstract or implement the remaining methods (App\Models\Admin::getActivitylogOptions) {"exception":"[object] (Symfony\\Component\\ErrorHandler\\Error\\FatalError(code: 0): Class App\\Models\\Admin contains 1 abstract method and must therefore be declared abstract or implement the remaining methods (App\\Models\\Admin::getActivitylogOptions) at C:\\xampp\\htdocs\\success\\app\\Models\\Admin.php:13)
[stacktrace]
#0 {main}
"} 
[2024-02-25 15:12:34] local.ERROR: Class App\Models\Admin contains 1 abstract method and must therefore be declared abstract or implement the remaining methods (App\Models\Admin::getActivitylogOptions) {"exception":"[object] (Symfony\\Component\\ErrorHandler\\Error\\FatalError(code: 0): Class App\\Models\\Admin contains 1 abstract method and must therefore be declared abstract or implement the remaining methods (App\\Models\\Admin::getActivitylogOptions) at C:\\xampp\\htdocs\\success\\app\\Models\\Admin.php:13)
[stacktrace]
#0 {main}
"} 
[2024-02-25 15:13:34] local.ERROR: Class App\Models\Admin contains 1 abstract method and must therefore be declared abstract or implement the remaining methods (App\Models\Admin::getActivitylogOptions) {"exception":"[object] (Symfony\\Component\\ErrorHandler\\Error\\FatalError(code: 0): Class App\\Models\\Admin contains 1 abstract method and must therefore be declared abstract or implement the remaining methods (App\\Models\\Admin::getActivitylogOptions) at C:\\xampp\\htdocs\\success\\app\\Models\\Admin.php:13)
[stacktrace]
#0 {main}
"} 
[2024-02-25 15:14:34] local.ERROR: Class App\Models\Admin contains 1 abstract method and must therefore be declared abstract or implement the remaining methods (App\Models\Admin::getActivitylogOptions) {"exception":"[object] (Symfony\\Component\\ErrorHandler\\Error\\FatalError(code: 0): Class App\\Models\\Admin contains 1 abstract method and must therefore be declared abstract or implement the remaining methods (App\\Models\\Admin::getActivitylogOptions) at C:\\xampp\\htdocs\\success\\app\\Models\\Admin.php:13)
[stacktrace]
#0 {main}
"} 
[2024-02-25 15:15:34] local.ERROR: Class App\Models\Admin contains 1 abstract method and must therefore be declared abstract or implement the remaining methods (App\Models\Admin::getActivitylogOptions) {"exception":"[object] (Symfony\\Component\\ErrorHandler\\Error\\FatalError(code: 0): Class App\\Models\\Admin contains 1 abstract method and must therefore be declared abstract or implement the remaining methods (App\\Models\\Admin::getActivitylogOptions) at C:\\xampp\\htdocs\\success\\app\\Models\\Admin.php:13)
[stacktrace]
#0 {main}
"} 
[2024-02-25 15:16:34] local.ERROR: Class App\Models\Admin contains 1 abstract method and must therefore be declared abstract or implement the remaining methods (App\Models\Admin::getActivitylogOptions) {"exception":"[object] (Symfony\\Component\\ErrorHandler\\Error\\FatalError(code: 0): Class App\\Models\\Admin contains 1 abstract method and must therefore be declared abstract or implement the remaining methods (App\\Models\\Admin::getActivitylogOptions) at C:\\xampp\\htdocs\\success\\app\\Models\\Admin.php:13)
[stacktrace]
#0 {main}
"} 
[2024-02-25 15:17:34] local.ERROR: Class App\Models\Admin contains 1 abstract method and must therefore be declared abstract or implement the remaining methods (App\Models\Admin::getActivitylogOptions) {"exception":"[object] (Symfony\\Component\\ErrorHandler\\Error\\FatalError(code: 0): Class App\\Models\\Admin contains 1 abstract method and must therefore be declared abstract or implement the remaining methods (App\\Models\\Admin::getActivitylogOptions) at C:\\xampp\\htdocs\\success\\app\\Models\\Admin.php:13)
[stacktrace]
#0 {main}
"} 
[2024-02-25 15:18:34] local.ERROR: Class App\Models\Admin contains 1 abstract method and must therefore be declared abstract or implement the remaining methods (App\Models\Admin::getActivitylogOptions) {"exception":"[object] (Symfony\\Component\\ErrorHandler\\Error\\FatalError(code: 0): Class App\\Models\\Admin contains 1 abstract method and must therefore be declared abstract or implement the remaining methods (App\\Models\\Admin::getActivitylogOptions) at C:\\xampp\\htdocs\\success\\app\\Models\\Admin.php:13)
[stacktrace]
#0 {main}
"} 
[2024-02-25 15:19:35] local.ERROR: Class App\Models\Admin contains 1 abstract method and must therefore be declared abstract or implement the remaining methods (App\Models\Admin::getActivitylogOptions) {"exception":"[object] (Symfony\\Component\\ErrorHandler\\Error\\FatalError(code: 0): Class App\\Models\\Admin contains 1 abstract method and must therefore be declared abstract or implement the remaining methods (App\\Models\\Admin::getActivitylogOptions) at C:\\xampp\\htdocs\\success\\app\\Models\\Admin.php:13)
[stacktrace]
#0 {main}
"} 
[2024-02-25 15:20:35] local.ERROR: Class App\Models\Admin contains 1 abstract method and must therefore be declared abstract or implement the remaining methods (App\Models\Admin::getActivitylogOptions) {"exception":"[object] (Symfony\\Component\\ErrorHandler\\Error\\FatalError(code: 0): Class App\\Models\\Admin contains 1 abstract method and must therefore be declared abstract or implement the remaining methods (App\\Models\\Admin::getActivitylogOptions) at C:\\xampp\\htdocs\\success\\app\\Models\\Admin.php:13)
[stacktrace]
#0 {main}
"} 
[2024-02-25 15:21:34] local.ERROR: Class App\Models\Admin contains 1 abstract method and must therefore be declared abstract or implement the remaining methods (App\Models\Admin::getActivitylogOptions) {"exception":"[object] (Symfony\\Component\\ErrorHandler\\Error\\FatalError(code: 0): Class App\\Models\\Admin contains 1 abstract method and must therefore be declared abstract or implement the remaining methods (App\\Models\\Admin::getActivitylogOptions) at C:\\xampp\\htdocs\\success\\app\\Models\\Admin.php:13)
[stacktrace]
#0 {main}
"} 
[2024-02-25 15:22:34] local.ERROR: Class App\Models\Admin contains 1 abstract method and must therefore be declared abstract or implement the remaining methods (App\Models\Admin::getActivitylogOptions) {"exception":"[object] (Symfony\\Component\\ErrorHandler\\Error\\FatalError(code: 0): Class App\\Models\\Admin contains 1 abstract method and must therefore be declared abstract or implement the remaining methods (App\\Models\\Admin::getActivitylogOptions) at C:\\xampp\\htdocs\\success\\app\\Models\\Admin.php:13)
[stacktrace]
#0 {main}
"} 
[2024-02-25 15:23:34] local.ERROR: Class App\Models\Admin contains 1 abstract method and must therefore be declared abstract or implement the remaining methods (App\Models\Admin::getActivitylogOptions) {"exception":"[object] (Symfony\\Component\\ErrorHandler\\Error\\FatalError(code: 0): Class App\\Models\\Admin contains 1 abstract method and must therefore be declared abstract or implement the remaining methods (App\\Models\\Admin::getActivitylogOptions) at C:\\xampp\\htdocs\\success\\app\\Models\\Admin.php:13)
[stacktrace]
#0 {main}
"} 
[2024-02-25 15:24:34] local.ERROR: Class App\Models\Admin contains 1 abstract method and must therefore be declared abstract or implement the remaining methods (App\Models\Admin::getActivitylogOptions) {"exception":"[object] (Symfony\\Component\\ErrorHandler\\Error\\FatalError(code: 0): Class App\\Models\\Admin contains 1 abstract method and must therefore be declared abstract or implement the remaining methods (App\\Models\\Admin::getActivitylogOptions) at C:\\xampp\\htdocs\\success\\app\\Models\\Admin.php:13)
[stacktrace]
#0 {main}
"} 
[2024-02-25 15:25:34] local.ERROR: Class App\Models\Admin contains 1 abstract method and must therefore be declared abstract or implement the remaining methods (App\Models\Admin::getActivitylogOptions) {"exception":"[object] (Symfony\\Component\\ErrorHandler\\Error\\FatalError(code: 0): Class App\\Models\\Admin contains 1 abstract method and must therefore be declared abstract or implement the remaining methods (App\\Models\\Admin::getActivitylogOptions) at C:\\xampp\\htdocs\\success\\app\\Models\\Admin.php:13)
[stacktrace]
#0 {main}
"} 
[2024-02-25 15:26:34] local.ERROR: Class App\Models\Admin contains 1 abstract method and must therefore be declared abstract or implement the remaining methods (App\Models\Admin::getActivitylogOptions) {"exception":"[object] (Symfony\\Component\\ErrorHandler\\Error\\FatalError(code: 0): Class App\\Models\\Admin contains 1 abstract method and must therefore be declared abstract or implement the remaining methods (App\\Models\\Admin::getActivitylogOptions) at C:\\xampp\\htdocs\\success\\app\\Models\\Admin.php:13)
[stacktrace]
#0 {main}
"} 
[2024-02-25 15:27:34] local.ERROR: Class App\Models\Admin contains 1 abstract method and must therefore be declared abstract or implement the remaining methods (App\Models\Admin::getActivitylogOptions) {"exception":"[object] (Symfony\\Component\\ErrorHandler\\Error\\FatalError(code: 0): Class App\\Models\\Admin contains 1 abstract method and must therefore be declared abstract or implement the remaining methods (App\\Models\\Admin::getActivitylogOptions) at C:\\xampp\\htdocs\\success\\app\\Models\\Admin.php:13)
[stacktrace]
#0 {main}
"} 
[2024-02-25 15:28:34] local.ERROR: Class App\Models\Admin contains 1 abstract method and must therefore be declared abstract or implement the remaining methods (App\Models\Admin::getActivitylogOptions) {"exception":"[object] (Symfony\\Component\\ErrorHandler\\Error\\FatalError(code: 0): Class App\\Models\\Admin contains 1 abstract method and must therefore be declared abstract or implement the remaining methods (App\\Models\\Admin::getActivitylogOptions) at C:\\xampp\\htdocs\\success\\app\\Models\\Admin.php:13)
[stacktrace]
#0 {main}
"} 
[2024-02-25 15:29:34] local.ERROR: Class App\Models\Admin contains 1 abstract method and must therefore be declared abstract or implement the remaining methods (App\Models\Admin::getActivitylogOptions) {"exception":"[object] (Symfony\\Component\\ErrorHandler\\Error\\FatalError(code: 0): Class App\\Models\\Admin contains 1 abstract method and must therefore be declared abstract or implement the remaining methods (App\\Models\\Admin::getActivitylogOptions) at C:\\xampp\\htdocs\\success\\app\\Models\\Admin.php:13)
[stacktrace]
#0 {main}
"} 
[2024-02-25 15:30:34] local.ERROR: Class App\Models\Admin contains 1 abstract method and must therefore be declared abstract or implement the remaining methods (App\Models\Admin::getActivitylogOptions) {"exception":"[object] (Symfony\\Component\\ErrorHandler\\Error\\FatalError(code: 0): Class App\\Models\\Admin contains 1 abstract method and must therefore be declared abstract or implement the remaining methods (App\\Models\\Admin::getActivitylogOptions) at C:\\xampp\\htdocs\\success\\app\\Models\\Admin.php:13)
[stacktrace]
#0 {main}
"} 
[2024-02-25 15:31:34] local.ERROR: Class App\Models\Admin contains 1 abstract method and must therefore be declared abstract or implement the remaining methods (App\Models\Admin::getActivitylogOptions) {"exception":"[object] (Symfony\\Component\\ErrorHandler\\Error\\FatalError(code: 0): Class App\\Models\\Admin contains 1 abstract method and must therefore be declared abstract or implement the remaining methods (App\\Models\\Admin::getActivitylogOptions) at C:\\xampp\\htdocs\\success\\app\\Models\\Admin.php:13)
[stacktrace]
#0 {main}
"} 
[2024-02-25 15:32:34] local.ERROR: Class App\Models\Admin contains 1 abstract method and must therefore be declared abstract or implement the remaining methods (App\Models\Admin::getActivitylogOptions) {"exception":"[object] (Symfony\\Component\\ErrorHandler\\Error\\FatalError(code: 0): Class App\\Models\\Admin contains 1 abstract method and must therefore be declared abstract or implement the remaining methods (App\\Models\\Admin::getActivitylogOptions) at C:\\xampp\\htdocs\\success\\app\\Models\\Admin.php:13)
[stacktrace]
#0 {main}
"} 
[2024-02-25 15:33:34] local.ERROR: Class App\Models\Admin contains 1 abstract method and must therefore be declared abstract or implement the remaining methods (App\Models\Admin::getActivitylogOptions) {"exception":"[object] (Symfony\\Component\\ErrorHandler\\Error\\FatalError(code: 0): Class App\\Models\\Admin contains 1 abstract method and must therefore be declared abstract or implement the remaining methods (App\\Models\\Admin::getActivitylogOptions) at C:\\xampp\\htdocs\\success\\app\\Models\\Admin.php:13)
[stacktrace]
#0 {main}
"} 
[2024-02-25 15:34:35] local.ERROR: Class App\Models\Admin contains 1 abstract method and must therefore be declared abstract or implement the remaining methods (App\Models\Admin::getActivitylogOptions) {"exception":"[object] (Symfony\\Component\\ErrorHandler\\Error\\FatalError(code: 0): Class App\\Models\\Admin contains 1 abstract method and must therefore be declared abstract or implement the remaining methods (App\\Models\\Admin::getActivitylogOptions) at C:\\xampp\\htdocs\\success\\app\\Models\\Admin.php:13)
[stacktrace]
#0 {main}
"} 
[2024-02-25 15:35:34] local.ERROR: Class App\Models\Admin contains 1 abstract method and must therefore be declared abstract or implement the remaining methods (App\Models\Admin::getActivitylogOptions) {"exception":"[object] (Symfony\\Component\\ErrorHandler\\Error\\FatalError(code: 0): Class App\\Models\\Admin contains 1 abstract method and must therefore be declared abstract or implement the remaining methods (App\\Models\\Admin::getActivitylogOptions) at C:\\xampp\\htdocs\\success\\app\\Models\\Admin.php:13)
[stacktrace]
#0 {main}
"} 
[2024-02-25 15:36:34] local.ERROR: Class App\Models\Admin contains 1 abstract method and must therefore be declared abstract or implement the remaining methods (App\Models\Admin::getActivitylogOptions) {"exception":"[object] (Symfony\\Component\\ErrorHandler\\Error\\FatalError(code: 0): Class App\\Models\\Admin contains 1 abstract method and must therefore be declared abstract or implement the remaining methods (App\\Models\\Admin::getActivitylogOptions) at C:\\xampp\\htdocs\\success\\app\\Models\\Admin.php:13)
[stacktrace]
#0 {main}
"} 
[2024-02-25 15:37:34] local.ERROR: Class App\Models\Admin contains 1 abstract method and must therefore be declared abstract or implement the remaining methods (App\Models\Admin::getActivitylogOptions) {"exception":"[object] (Symfony\\Component\\ErrorHandler\\Error\\FatalError(code: 0): Class App\\Models\\Admin contains 1 abstract method and must therefore be declared abstract or implement the remaining methods (App\\Models\\Admin::getActivitylogOptions) at C:\\xampp\\htdocs\\success\\app\\Models\\Admin.php:13)
[stacktrace]
#0 {main}
"} 
[2024-02-25 15:38:35] local.ERROR: Class App\Models\Admin contains 1 abstract method and must therefore be declared abstract or implement the remaining methods (App\Models\Admin::getActivitylogOptions) {"exception":"[object] (Symfony\\Component\\ErrorHandler\\Error\\FatalError(code: 0): Class App\\Models\\Admin contains 1 abstract method and must therefore be declared abstract or implement the remaining methods (App\\Models\\Admin::getActivitylogOptions) at C:\\xampp\\htdocs\\success\\app\\Models\\Admin.php:13)
[stacktrace]
#0 {main}
"} 
[2024-02-25 15:39:34] local.ERROR: Class App\Models\Admin contains 1 abstract method and must therefore be declared abstract or implement the remaining methods (App\Models\Admin::getActivitylogOptions) {"exception":"[object] (Symfony\\Component\\ErrorHandler\\Error\\FatalError(code: 0): Class App\\Models\\Admin contains 1 abstract method and must therefore be declared abstract or implement the remaining methods (App\\Models\\Admin::getActivitylogOptions) at C:\\xampp\\htdocs\\success\\app\\Models\\Admin.php:13)
[stacktrace]
#0 {main}
"} 
[2024-02-25 15:40:34] local.ERROR: Class App\Models\Admin contains 1 abstract method and must therefore be declared abstract or implement the remaining methods (App\Models\Admin::getActivitylogOptions) {"exception":"[object] (Symfony\\Component\\ErrorHandler\\Error\\FatalError(code: 0): Class App\\Models\\Admin contains 1 abstract method and must therefore be declared abstract or implement the remaining methods (App\\Models\\Admin::getActivitylogOptions) at C:\\xampp\\htdocs\\success\\app\\Models\\Admin.php:13)
[stacktrace]
#0 {main}
"} 
[2024-02-25 15:41:34] local.ERROR: Class App\Models\Admin contains 1 abstract method and must therefore be declared abstract or implement the remaining methods (App\Models\Admin::getActivitylogOptions) {"exception":"[object] (Symfony\\Component\\ErrorHandler\\Error\\FatalError(code: 0): Class App\\Models\\Admin contains 1 abstract method and must therefore be declared abstract or implement the remaining methods (App\\Models\\Admin::getActivitylogOptions) at C:\\xampp\\htdocs\\success\\app\\Models\\Admin.php:13)
[stacktrace]
#0 {main}
"} 
[2024-02-25 15:42:34] local.ERROR: Class App\Models\Admin contains 1 abstract method and must therefore be declared abstract or implement the remaining methods (App\Models\Admin::getActivitylogOptions) {"exception":"[object] (Symfony\\Component\\ErrorHandler\\Error\\FatalError(code: 0): Class App\\Models\\Admin contains 1 abstract method and must therefore be declared abstract or implement the remaining methods (App\\Models\\Admin::getActivitylogOptions) at C:\\xampp\\htdocs\\success\\app\\Models\\Admin.php:13)
[stacktrace]
#0 {main}
"} 
[2024-02-25 15:43:34] local.ERROR: Class App\Models\Admin contains 1 abstract method and must therefore be declared abstract or implement the remaining methods (App\Models\Admin::getActivitylogOptions) {"exception":"[object] (Symfony\\Component\\ErrorHandler\\Error\\FatalError(code: 0): Class App\\Models\\Admin contains 1 abstract method and must therefore be declared abstract or implement the remaining methods (App\\Models\\Admin::getActivitylogOptions) at C:\\xampp\\htdocs\\success\\app\\Models\\Admin.php:13)
[stacktrace]
#0 {main}
"} 
[2024-02-25 15:44:34] local.ERROR: Class App\Models\Admin contains 1 abstract method and must therefore be declared abstract or implement the remaining methods (App\Models\Admin::getActivitylogOptions) {"exception":"[object] (Symfony\\Component\\ErrorHandler\\Error\\FatalError(code: 0): Class App\\Models\\Admin contains 1 abstract method and must therefore be declared abstract or implement the remaining methods (App\\Models\\Admin::getActivitylogOptions) at C:\\xampp\\htdocs\\success\\app\\Models\\Admin.php:13)
[stacktrace]
#0 {main}
"} 
